Line 198: Class MSDataGridLib.DataGrid of control DGSite was not a loaded control class.
Line 359: Class TopCtl.TopCtrl of control TopCtrl1 was not a loaded control class.
Line 207: The property name _ExtentX in DGSite is invalid.
Line 208: The property name _ExtentY in DGSite is invalid.
Line 209: The property name _Version in DGSite is invalid.
Line 210: The property name AllowUpdate in DGSite is invalid.
Line 211: The property name AllowArrows in DGSite is invalid.
Line 215: The property name ColumnHeaders in DGSite is invalid.
Line 217: The property name HeadLines in DGSite is invalid.
Line 218: The property name RowHeight in DGSite is invalid.
Line 219: The property name WrapCellPointer in DGSite is invalid.
Line 220: The property name RowDividerStyle in DGSite is invalid.
Line 221: The property name FormatLocked in DGSite is invalid.
Line 230: The property name HeadFont in DGSite is invalid.
Line 240: The property name ColumnCount in DGSite is invalid.
Line 253: The property name Column00 in DGSite is invalid.
Line 266: The property name Column01 in DGSite is invalid.
Line 267: The property name SplitCount in DGSite is invalid.
Line 281: The property name Split0 in DGSite is invalid.
Line 367: The property name _ExtentX in TopCtrl1 is invalid.
Line 368: The property name _ExtentY in TopCtrl1 is invalid.
