Line 70: Class MSDataGridLib.DataGrid of control DgHelp was not a loaded control class.
Line 154: Class TabDlg.SSTab of control SSTab1 was not a loaded control class.
Line 1084: Class MSHierarchicalFlexGridLib.MSHFlexGrid of control FGrid1 was not a loaded control class.
Line 1131: Class MSHierarchicalFlexGridLib.MSHFlexGrid of control FGrid2 was not a loaded control class.
Line 2311: Class MSComctlLib.ProgressBar of control Prg was not a loaded control class.
Line 2390: Class MSHierarchicalFlexGridLib.MSHFlexGrid of control FGrid was not a loaded control class.
Line 2489: Class MSHierarchicalFlexGridLib.MSHFlexGrid of control FgridErr was not a loaded control class.
Line 2520: Class MSComDlg.CommonDialog of control CD1 was not a loaded control class.
Line 2527: Class TopCtl.TopCtrl of control TopCtrl1 was not a loaded control class.
Line 79: The property name _ExtentX in DgHelp is invalid.
Line 80: The property name _ExtentY in DgHelp is invalid.
Line 81: The property name _Version in DgHelp is invalid.
Line 82: The property name AllowUpdate in DgHelp is invalid.
Line 83: The property name AllowArrows in DgHelp is invalid.
Line 87: The property name ColumnHeaders in DgHelp is invalid.
Line 89: The property name HeadLines in DgHelp is invalid.
Line 90: The property name RowHeight in DgHelp is invalid.
Line 91: The property name WrapCellPointer in DgHelp is invalid.
Line 92: The property name FormatLocked in DgHelp is invalid.
Line 101: The property name HeadFont in DgHelp is invalid.
Line 111: The property name ColumnCount in DgHelp is invalid.
Line 124: The property name Column00 in DgHelp is invalid.
Line 137: The property name Column01 in DgHelp is invalid.
Line 138: The property name SplitCount in DgHelp is invalid.
Line 152: The property name Split0 in DgHelp is invalid.
Line 160: The property name _ExtentX in SSTab1 is invalid.
Line 161: The property name _ExtentY in SSTab1 is invalid.
Line 162: The property name _Version in SSTab1 is invalid.
Line 163: The property name Tabs in SSTab1 is invalid.
Line 164: The property name TabsPerRow in SSTab1 is invalid.
Line 165: The property name TabHeight in SSTab1 is invalid.
Line 175: The property name TabCaption(0) in SSTab1 is invalid.
Line 176: The property name TabPicture(0) in SSTab1 is invalid.
Line 177: The property name Tab(0).ControlEnabled in SSTab1 is invalid.
Line 178: The property name Tab(0).Control(0) in SSTab1 is invalid.
Line 179: The property name Tab(0).Control(0).Enabled in SSTab1 is invalid.
Line 180: The property name Tab(0).Control(1) in SSTab1 is invalid.
Line 181: The property name Tab(0).Control(1).Enabled in SSTab1 is invalid.
Line 182: The property name Tab(0).Control(2) in SSTab1 is invalid.
Line 183: The property name Tab(0).Control(2).Enabled in SSTab1 is invalid.
Line 184: The property name Tab(0).Control(3) in SSTab1 is invalid.
Line 185: The property name Tab(0).Control(3).Enabled in SSTab1 is invalid.
Line 186: The property name Tab(0).Control(4) in SSTab1 is invalid.
Line 187: The property name Tab(0).Control(4).Enabled in SSTab1 is invalid.
Line 188: The property name Tab(0).Control(5) in SSTab1 is invalid.
Line 189: The property name Tab(0).Control(5).Enabled in SSTab1 is invalid.
Line 190: The property name Tab(0).Control(6) in SSTab1 is invalid.
Line 191: The property name Tab(0).Control(6).Enabled in SSTab1 is invalid.
Line 192: The property name Tab(0).Control(7) in SSTab1 is invalid.
Line 193: The property name Tab(0).Control(7).Enabled in SSTab1 is invalid.
Line 194: The property name Tab(0).Control(8) in SSTab1 is invalid.
Line 195: The property name Tab(0).Control(8).Enabled in SSTab1 is invalid.
Line 196: The property name Tab(0).Control(9) in SSTab1 is invalid.
Line 197: The property name Tab(0).Control(9).Enabled in SSTab1 is invalid.
Line 198: The property name Tab(0).Control(10) in SSTab1 is invalid.
Line 199: The property name Tab(0).Control(10).Enabled in SSTab1 is invalid.
Line 200: The property name Tab(0).Control(11) in SSTab1 is invalid.
Line 201: The property name Tab(0).Control(11).Enabled in SSTab1 is invalid.
Line 202: The property name Tab(0).Control(12) in SSTab1 is invalid.
Line 203: The property name Tab(0).Control(12).Enabled in SSTab1 is invalid.
Line 204: The property name Tab(0).Control(13) in SSTab1 is invalid.
Line 205: The property name Tab(0).Control(13).Enabled in SSTab1 is invalid.
Line 206: The property name Tab(0).Control(14) in SSTab1 is invalid.
Line 207: The property name Tab(0).Control(14).Enabled in SSTab1 is invalid.
Line 208: The property name Tab(0).Control(15) in SSTab1 is invalid.
Line 209: The property name Tab(0).Control(15).Enabled in SSTab1 is invalid.
Line 210: The property name Tab(0).Control(16) in SSTab1 is invalid.
Line 211: The property name Tab(0).Control(16).Enabled in SSTab1 is invalid.
Line 212: The property name Tab(0).Control(17) in SSTab1 is invalid.
Line 213: The property name Tab(0).Control(17).Enabled in SSTab1 is invalid.
Line 214: The property name Tab(0).Control(18) in SSTab1 is invalid.
Line 215: The property name Tab(0).Control(18).Enabled in SSTab1 is invalid.
Line 216: The property name Tab(0).Control(19) in SSTab1 is invalid.
Line 217: The property name Tab(0).Control(19).Enabled in SSTab1 is invalid.
Line 218: The property name Tab(0).Control(20) in SSTab1 is invalid.
Line 219: The property name Tab(0).Control(20).Enabled in SSTab1 is invalid.
Line 220: The property name Tab(0).Control(21) in SSTab1 is invalid.
Line 221: The property name Tab(0).Control(21).Enabled in SSTab1 is invalid.
Line 222: The property name Tab(0).ControlCount in SSTab1 is invalid.
Line 223: The property name TabCaption(1) in SSTab1 is invalid.
Line 224: The property name TabPicture(1) in SSTab1 is invalid.
Line 225: The property name Tab(1).ControlEnabled in SSTab1 is invalid.
Line 226: The property name Tab(1).Control(0) in SSTab1 is invalid.
Line 227: The property name Tab(1).Control(1) in SSTab1 is invalid.
Line 228: The property name Tab(1).Control(2) in SSTab1 is invalid.
Line 229: The property name Tab(1).Control(3) in SSTab1 is invalid.
Line 230: The property name Tab(1).Control(4) in SSTab1 is invalid.
Line 231: The property name Tab(1).Control(5) in SSTab1 is invalid.
Line 232: The property name Tab(1).Control(6) in SSTab1 is invalid.
Line 233: The property name Tab(1).Control(7) in SSTab1 is invalid.
Line 234: The property name Tab(1).Control(8) in SSTab1 is invalid.
Line 235: The property name Tab(1).Control(9) in SSTab1 is invalid.
Line 236: The property name Tab(1).Control(10) in SSTab1 is invalid.
Line 237: The property name Tab(1).Control(11) in SSTab1 is invalid.
Line 238: The property name Tab(1).Control(12) in SSTab1 is invalid.
Line 239: The property name Tab(1).Control(13) in SSTab1 is invalid.
Line 240: The property name Tab(1).Control(14) in SSTab1 is invalid.
Line 241: The property name Tab(1).Control(15) in SSTab1 is invalid.
Line 242: The property name Tab(1).Control(16) in SSTab1 is invalid.
Line 243: The property name Tab(1).Control(17) in SSTab1 is invalid.
Line 244: The property name Tab(1).Control(18) in SSTab1 is invalid.
Line 245: The property name Tab(1).Control(19) in SSTab1 is invalid.
Line 246: The property name Tab(1).Control(20) in SSTab1 is invalid.
Line 247: The property name Tab(1).Control(21) in SSTab1 is invalid.
Line 248: The property name Tab(1).Control(22) in SSTab1 is invalid.
Line 249: The property name Tab(1).Control(23) in SSTab1 is invalid.
Line 250: The property name Tab(1).Control(24) in SSTab1 is invalid.
Line 251: The property name Tab(1).Control(25) in SSTab1 is invalid.
Line 252: The property name Tab(1).ControlCount in SSTab1 is invalid.
Line 253: The property name TabCaption(2) in SSTab1 is invalid.
Line 254: The property name TabPicture(2) in SSTab1 is invalid.
Line 255: The property name Tab(2).ControlEnabled in SSTab1 is invalid.
Line 256: The property name Tab(2).Control(0) in SSTab1 is invalid.
Line 257: The property name Tab(2).Control(1) in SSTab1 is invalid.
Line 258: The property name Tab(2).Control(2) in SSTab1 is invalid.
Line 259: The property name Tab(2).Control(3) in SSTab1 is invalid.
Line 260: The property name Tab(2).Control(4) in SSTab1 is invalid.
Line 261: The property name Tab(2).Control(5) in SSTab1 is invalid.
Line 262: The property name Tab(2).Control(6) in SSTab1 is invalid.
Line 263: The property name Tab(2).Control(7) in SSTab1 is invalid.
Line 264: The property name Tab(2).Control(8) in SSTab1 is invalid.
Line 265: The property name Tab(2).Control(9) in SSTab1 is invalid.
Line 266: The property name Tab(2).Control(10) in SSTab1 is invalid.
Line 267: The property name Tab(2).Control(11) in SSTab1 is invalid.
Line 268: The property name Tab(2).Control(12) in SSTab1 is invalid.
Line 269: The property name Tab(2).Control(13) in SSTab1 is invalid.
Line 270: The property name Tab(2).Control(14) in SSTab1 is invalid.
Line 271: The property name Tab(2).Control(15) in SSTab1 is invalid.
Line 272: The property name Tab(2).Control(16) in SSTab1 is invalid.
Line 273: The property name Tab(2).Control(17) in SSTab1 is invalid.
Line 274: The property name Tab(2).Control(18) in SSTab1 is invalid.
Line 275: The property name Tab(2).Control(19) in SSTab1 is invalid.
Line 276: The property name Tab(2).Control(20) in SSTab1 is invalid.
Line 277: The property name Tab(2).Control(21) in SSTab1 is invalid.
Line 278: The property name Tab(2).Control(22) in SSTab1 is invalid.
Line 279: The property name Tab(2).Control(23) in SSTab1 is invalid.
Line 280: The property name Tab(2).Control(24) in SSTab1 is invalid.
Line 281: The property name Tab(2).Control(25) in SSTab1 is invalid.
Line 282: The property name Tab(2).ControlCount in SSTab1 is invalid.
Line 283: The property name TabCaption(3) in SSTab1 is invalid.
Line 284: The property name TabPicture(3) in SSTab1 is invalid.
Line 285: The property name Tab(3).ControlEnabled in SSTab1 is invalid.
Line 286: The property name Tab(3).Control(0) in SSTab1 is invalid.
Line 287: The property name Tab(3).Control(1) in SSTab1 is invalid.
Line 288: The property name Tab(3).Control(2) in SSTab1 is invalid.
Line 289: The property name Tab(3).Control(3) in SSTab1 is invalid.
Line 290: The property name Tab(3).Control(4) in SSTab1 is invalid.
Line 291: The property name Tab(3).Control(5) in SSTab1 is invalid.
Line 292: The property name Tab(3).ControlCount in SSTab1 is invalid.
Line 293: The property name TabCaption(4) in SSTab1 is invalid.
Line 294: The property name TabPicture(4) in SSTab1 is invalid.
Line 295: The property name Tab(4).ControlEnabled in SSTab1 is invalid.
Line 296: The property name Tab(4).Control(0) in SSTab1 is invalid.
Line 297: The property name Tab(4).Control(1) in SSTab1 is invalid.
Line 298: The property name Tab(4).Control(2) in SSTab1 is invalid.
Line 299: The property name Tab(4).Control(3) in SSTab1 is invalid.
Line 300: The property name Tab(4).Control(4) in SSTab1 is invalid.
Line 301: The property name Tab(4).Control(5) in SSTab1 is invalid.
Line 302: The property name Tab(4).Control(6) in SSTab1 is invalid.
Line 303: The property name Tab(4).Control(7) in SSTab1 is invalid.
Line 304: The property name Tab(4).Control(8) in SSTab1 is invalid.
Line 305: The property name Tab(4).Control(9) in SSTab1 is invalid.
Line 306: The property name Tab(4).Control(10) in SSTab1 is invalid.
Line 307: The property name Tab(4).Control(11) in SSTab1 is invalid.
Line 308: The property name Tab(4).ControlCount in SSTab1 is invalid.
Line 309: The property name TabCaption(5) in SSTab1 is invalid.
Line 310: The property name TabPicture(5) in SSTab1 is invalid.
Line 311: The property name Tab(5).ControlEnabled in SSTab1 is invalid.
Line 312: The property name Tab(5).Control(0) in SSTab1 is invalid.
Line 313: The property name Tab(5).Control(1) in SSTab1 is invalid.
Line 314: The property name Tab(5).Control(2) in SSTab1 is invalid.
Line 315: The property name Tab(5).Control(3) in SSTab1 is invalid.
Line 316: The property name Tab(5).Control(4) in SSTab1 is invalid.
Line 317: The property name Tab(5).Control(5) in SSTab1 is invalid.
Line 318: The property name Tab(5).Control(6) in SSTab1 is invalid.
Line 319: The property name Tab(5).Control(7) in SSTab1 is invalid.
Line 320: The property name Tab(5).Control(8) in SSTab1 is invalid.
Line 321: The property name Tab(5).Control(9) in SSTab1 is invalid.
Line 322: The property name Tab(5).Control(10) in SSTab1 is invalid.
Line 323: The property name Tab(5).Control(11) in SSTab1 is invalid.
Line 324: The property name Tab(5).ControlCount in SSTab1 is invalid.
Line 325: The property name TabCaption(6) in SSTab1 is invalid.
Line 326: The property name TabPicture(6) in SSTab1 is invalid.
Line 327: The property name Tab(6).ControlEnabled in SSTab1 is invalid.
Line 328: The property name Tab(6).Control(0) in SSTab1 is invalid.
Line 329: The property name Tab(6).Control(1) in SSTab1 is invalid.
Line 330: The property name Tab(6).Control(2) in SSTab1 is invalid.
Line 331: The property name Tab(6).Control(3) in SSTab1 is invalid.
Line 332: The property name Tab(6).Control(4) in SSTab1 is invalid.
Line 333: The property name Tab(6).Control(5) in SSTab1 is invalid.
Line 334: The property name Tab(6).ControlCount in SSTab1 is invalid.
Line 1090: The property name _ExtentX in FGrid1 is invalid.
Line 1091: The property name _ExtentY in FGrid1 is invalid.
Line 1092: The property name _Version in FGrid1 is invalid.
Line 1094: The property name Cols in FGrid1 is invalid.
Line 1095: The property name BackColorFixed in FGrid1 is invalid.
Line 1096: The property name ForeColorFixed in FGrid1 is invalid.
Line 1097: The property name BackColorSel in FGrid1 is invalid.
Line 1098: The property name ForeColorSel in FGrid1 is invalid.
Line 1099: The property name BackColorBkg in FGrid1 is invalid.
Line 1100: The property name GridColor in FGrid1 is invalid.
Line 1101: The property name GridColorFixed in FGrid1 is invalid.
Line 1102: The property name FocusRect in FGrid1 is invalid.
Line 1103: The property name AllowUserResizing in FGrid1 is invalid.
Line 1105: The property name FormatString in FGrid1 is invalid.
Line 1106: The property name RowSizingMode in FGrid1 is invalid.
Line 1124: The property name FontFixed in FGrid1 is invalid.
Line 1125: The property name _NumberOfBands in FGrid1 is invalid.
Line 1126: The property name _Band(0).Cols in FGrid1 is invalid.
Line 1127: The property name _Band(0).GridLinesBand in FGrid1 is invalid.
Line 1128: The property name _Band(0).TextStyleBand in FGrid1 is invalid.
Line 1129: The property name _Band(0).TextStyleHeader in FGrid1 is invalid.
Line 1137: The property name _ExtentX in FGrid2 is invalid.
Line 1138: The property name _ExtentY in FGrid2 is invalid.
Line 1139: The property name _Version in FGrid2 is invalid.
Line 1141: The property name Cols in FGrid2 is invalid.
Line 1142: The property name BackColorFixed in FGrid2 is invalid.
Line 1143: The property name ForeColorFixed in FGrid2 is invalid.
Line 1144: The property name BackColorSel in FGrid2 is invalid.
Line 1145: The property name ForeColorSel in FGrid2 is invalid.
Line 1146: The property name BackColorBkg in FGrid2 is invalid.
Line 1147: The property name GridColor in FGrid2 is invalid.
Line 1148: The property name GridColorFixed in FGrid2 is invalid.
Line 1149: The property name FocusRect in FGrid2 is invalid.
Line 1150: The property name AllowUserResizing in FGrid2 is invalid.
Line 1152: The property name FormatString in FGrid2 is invalid.
Line 1153: The property name RowSizingMode in FGrid2 is invalid.
Line 1171: The property name FontFixed in FGrid2 is invalid.
Line 1172: The property name _NumberOfBands in FGrid2 is invalid.
Line 1173: The property name _Band(0).Cols in FGrid2 is invalid.
Line 1174: The property name _Band(0).GridLinesBand in FGrid2 is invalid.
Line 1175: The property name _Band(0).TextStyleBand in FGrid2 is invalid.
Line 1176: The property name _Band(0).TextStyleHeader in FGrid2 is invalid.
Line 2318: The property name _ExtentX in Prg is invalid.
Line 2319: The property name _ExtentY in Prg is invalid.
Line 2320: The property name _Version in Prg is invalid.
Line 2323: The property name Scrolling in Prg is invalid.
Line 2396: The property name _ExtentX in FGrid is invalid.
Line 2397: The property name _ExtentY in FGrid is invalid.
Line 2398: The property name _Version in FGrid is invalid.
Line 2399: The property name BackColorFixed in FGrid is invalid.
Line 2400: The property name BackColorBkg in FGrid is invalid.
Line 2401: The property name _NumberOfBands in FGrid is invalid.
Line 2402: The property name _Band(0).Cols in FGrid is invalid.
Line 2495: The property name _ExtentX in FgridErr is invalid.
Line 2496: The property name _ExtentY in FgridErr is invalid.
Line 2497: The property name _Version in FgridErr is invalid.
Line 2498: The property name BackColorFixed in FgridErr is invalid.
Line 2499: The property name BackColorBkg in FgridErr is invalid.
Line 2500: The property name AllowUserResizing in FgridErr is invalid.
Line 2510: The property name FontFixed in FgridErr is invalid.
Line 2511: The property name _NumberOfBands in FgridErr is invalid.
Line 2512: The property name _Band(0).Cols in FgridErr is invalid.
Line 2523: The property name _ExtentX in CD1 is invalid.
Line 2524: The property name _ExtentY in CD1 is invalid.
Line 2525: The property name _Version in CD1 is invalid.
Line 2535: The property name _ExtentX in TopCtrl1 is invalid.
Line 2536: The property name _ExtentY in TopCtrl1 is invalid.
