Line 25: Class MSComctlLib.ProgressBar of control ProgressBar1 was not a loaded control class.
Line 1383: Class KeyNo.DatamanKeyNo of control DatamanKeyNo1 was not a loaded control class.
Line 1402: Class MSComctlLib.ListView of control ListView was not a loaded control class.
Line 1443: Class TabDlg.SSTab of control STab was not a loaded control class.
Line 5305: Class MSDataGridLib.DataGrid of control DgHlp was not a loaded control class.
Line 5404: Class MSComDlg.CommonDialog of control Dlg was not a loaded control class.
Line 5556: Class MSDataGridLib.DataGrid of control Grid1 was not a loaded control class.
Line 5646: Class MSDataGridLib.DataGrid of control Grid was not a loaded control class.
Line 32: The property name _ExtentX in ProgressBar1 is invalid.
Line 33: The property name _ExtentY in ProgressBar1 is invalid.
Line 34: The property name _Version in ProgressBar1 is invalid.
Line 1390: The property name _ExtentX in DatamanKeyNo1 is invalid.
Line 1391: The property name _ExtentY in DatamanKeyNo1 is invalid.
Line 1409: The property name _ExtentX in ListView is invalid.
Line 1410: The property name _ExtentY in ListView is invalid.
Line 1411: The property name View in ListView is invalid.
Line 1412: The property name Arrange in ListView is invalid.
Line 1413: The property name Sorted in ListView is invalid.
Line 1414: The property name LabelWrap in ListView is invalid.
Line 1415: The property name HideSelection in ListView is invalid.
Line 1416: The property name HideColumnHeaders in ListView is invalid.
Line 1417: The property name AllowReorder in ListView is invalid.
Line 1418: The property name FullRowSelect in ListView is invalid.
Line 1419: The property name HotTracking in ListView is invalid.
Line 1420: The property name HoverSelection in ListView is invalid.
Line 1421: The property name _Version in ListView is invalid.
Line 1436: The property name NumItems in ListView is invalid.
Line 1440: The property name ColumnHeader(1) in ListView is invalid.
Line 1449: The property name _ExtentX in STab is invalid.
Line 1450: The property name _ExtentY in STab is invalid.
Line 1451: The property name _Version in STab is invalid.
Line 1452: The property name Tabs in STab is invalid.
Line 1453: The property name TabsPerRow in STab is invalid.
Line 1454: The property name TabHeight in STab is invalid.
Line 1465: The property name TabCaption(0) in STab is invalid.
Line 1466: The property name TabPicture(0) in STab is invalid.
Line 1467: The property name Tab(0).ControlEnabled in STab is invalid.
Line 1468: The property name Tab(0).Control(0) in STab is invalid.
Line 1469: The property name Tab(0).Control(0).Enabled in STab is invalid.
Line 1470: The property name Tab(0).ControlCount in STab is invalid.
Line 1471: The property name TabCaption(1) in STab is invalid.
Line 1472: The property name TabPicture(1) in STab is invalid.
Line 1473: The property name Tab(1).ControlEnabled in STab is invalid.
Line 1474: The property name Tab(1).Control(0) in STab is invalid.
Line 1475: The property name Tab(1).Control(1) in STab is invalid.
Line 1476: The property name Tab(1).Control(2) in STab is invalid.
Line 1477: The property name Tab(1).ControlCount in STab is invalid.
Line 1478: The property name TabCaption(2) in STab is invalid.
Line 1479: The property name TabPicture(2) in STab is invalid.
Line 1480: The property name Tab(2).ControlEnabled in STab is invalid.
Line 1481: The property name Tab(2).Control(0) in STab is invalid.
Line 1482: The property name Tab(2).Control(1) in STab is invalid.
Line 1483: The property name Tab(2).Control(2) in STab is invalid.
Line 1484: The property name Tab(2).ControlCount in STab is invalid.
Line 1485: The property name TabCaption(3) in STab is invalid.
Line 1486: The property name TabPicture(3) in STab is invalid.
Line 1487: The property name Tab(3).ControlEnabled in STab is invalid.
Line 1488: The property name Tab(3).Control(0) in STab is invalid.
Line 1489: The property name Tab(3).Control(1) in STab is invalid.
Line 1490: The property name Tab(3).Control(2) in STab is invalid.
Line 1491: The property name Tab(3).ControlCount in STab is invalid.
Line 5311: The property name _ExtentX in DgHlp is invalid.
Line 5312: The property name _ExtentY in DgHlp is invalid.
Line 5313: The property name _Version in DgHlp is invalid.
Line 5314: The property name AllowUpdate in DgHlp is invalid.
Line 5315: The property name AllowArrows in DgHlp is invalid.
Line 5319: The property name HeadLines in DgHlp is invalid.
Line 5320: The property name RowHeight in DgHlp is invalid.
Line 5321: The property name RowDividerStyle in DgHlp is invalid.
Line 5322: The property name FormatLocked in DgHlp is invalid.
Line 5331: The property name HeadFont in DgHlp is invalid.
Line 5341: The property name ColumnCount in DgHlp is invalid.
Line 5354: The property name Column00 in DgHlp is invalid.
Line 5367: The property name Column01 in DgHlp is invalid.
Line 5368: The property name SplitCount in DgHlp is invalid.
Line 5380: The property name Split0 in DgHlp is invalid.
Line 5407: The property name _ExtentX in Dlg is invalid.
Line 5408: The property name _ExtentY in Dlg is invalid.
Line 5409: The property name _Version in Dlg is invalid.
Line 5410: The property name Color in Dlg is invalid.
Line 5411: The property name DialogTitle in Dlg is invalid.
Line 5412: The property name FileName in Dlg is invalid.
Line 5563: The property name _ExtentX in Grid1 is invalid.
Line 5564: The property name _ExtentY in Grid1 is invalid.
Line 5565: The property name _Version in Grid1 is invalid.
Line 5566: The property name AllowUpdate in Grid1 is invalid.
Line 5567: The property name AllowArrows in Grid1 is invalid.
Line 5570: The property name ColumnHeaders in Grid1 is invalid.
Line 5572: The property name HeadLines in Grid1 is invalid.
Line 5573: The property name RowHeight in Grid1 is invalid.
Line 5574: The property name FormatLocked in Grid1 is invalid.
Line 5583: The property name HeadFont in Grid1 is invalid.
Line 5593: The property name ColumnCount in Grid1 is invalid.
Line 5606: The property name Column00 in Grid1 is invalid.
Line 5619: The property name Column01 in Grid1 is invalid.
Line 5632: The property name Column02 in Grid1 is invalid.
Line 5633: The property name SplitCount in Grid1 is invalid.
Line 5644: The property name Split0 in Grid1 is invalid.
Line 5652: The property name _ExtentX in Grid is invalid.
Line 5653: The property name _ExtentY in Grid is invalid.
Line 5654: The property name _Version in Grid is invalid.
Line 5655: The property name AllowUpdate in Grid is invalid.
Line 5656: The property name AllowArrows in Grid is invalid.
Line 5659: The property name ColumnHeaders in Grid is invalid.
Line 5661: The property name HeadLines in Grid is invalid.
Line 5662: The property name RowHeight in Grid is invalid.
Line 5663: The property name FormatLocked in Grid is invalid.
Line 5672: The property name HeadFont in Grid is invalid.
Line 5682: The property name ColumnCount in Grid is invalid.
Line 5695: The property name Column00 in Grid is invalid.
Line 5708: The property name Column01 in Grid is invalid.
Line 5721: The property name Column02 in Grid is invalid.
Line 5722: The property name SplitCount in Grid is invalid.
Line 5734: The property name Split0 in Grid is invalid.
