Line 39: Class MSComctlLib.ListView of control ListView was not a loaded control class.
Line 199: Class TopCtl.TopCtrl of control TopCtrl1 was not a loaded control class.
Line 232: Class MSHierarchicalFlexGridLib.MSHFlexGrid of control FGrid was not a loaded control class.
Line 280: Class MSHierarchicalFlexGridLib.MSHFlexGrid of control FGrid1 was not a loaded control class.
Line 325: Class MSDataGridLib.DataGrid of control DGDate was not a loaded control class.
Line 46: The property name _ExtentX in ListView is invalid.
Line 47: The property name _ExtentY in ListView is invalid.
Line 48: The property name View in ListView is invalid.
Line 49: The property name Arrange in ListView is invalid.
Line 50: The property name LabelWrap in ListView is invalid.
Line 51: The property name HideSelection in ListView is invalid.
Line 52: The property name HideColumnHeaders in ListView is invalid.
Line 53: The property name AllowReorder in ListView is invalid.
Line 54: The property name FullRowSelect in ListView is invalid.
Line 55: The property name HotTracking in ListView is invalid.
Line 56: The property name HoverSelection in ListView is invalid.
Line 57: The property name _Version in ListView is invalid.
Line 71: The property name NumItems in ListView is invalid.
Line 75: The property name ColumnHeader(1) in ListView is invalid.
Line 80: The property name ColumnHeader(2) in ListView is invalid.
Line 84: The property name ColumnHeader(3) in ListView is invalid.
Line 88: The property name ColumnHeader(4) in ListView is invalid.
Line 92: The property name ColumnHeader(5) in ListView is invalid.
Line 206: The property name _ExtentX in TopCtrl1 is invalid.
Line 207: The property name _ExtentY in TopCtrl1 is invalid.
Line 238: The property name _ExtentX in FGrid is invalid.
Line 239: The property name _ExtentY in FGrid is invalid.
Line 240: The property name _Version in FGrid is invalid.
Line 242: The property name Cols in FGrid is invalid.
Line 243: The property name BackColorFixed in FGrid is invalid.
Line 244: The property name ForeColorFixed in FGrid is invalid.
Line 245: The property name BackColorSel in FGrid is invalid.
Line 246: The property name BackColorBkg in FGrid is invalid.
Line 247: The property name BackColorUnpopulated in FGrid is invalid.
Line 248: The property name GridColor in FGrid is invalid.
Line 249: The property name GridColorFixed in FGrid is invalid.
Line 250: The property name FocusRect in FGrid is invalid.
Line 251: The property name GridLinesFixed in FGrid is invalid.
Line 252: The property name AllowUserResizing in FGrid is invalid.
Line 254: The property name FormatString in FGrid is invalid.
Line 255: The property name RowSizingMode in FGrid is invalid.
Line 273: The property name FontFixed in FGrid is invalid.
Line 274: The property name _NumberOfBands in FGrid is invalid.
Line 275: The property name _Band(0).Cols in FGrid is invalid.
Line 276: The property name _Band(0).GridLinesBand in FGrid is invalid.
Line 277: The property name _Band(0).TextStyleBand in FGrid is invalid.
Line 278: The property name _Band(0).TextStyleHeader in FGrid is invalid.
Line 286: The property name _ExtentX in FGrid1 is invalid.
Line 287: The property name _ExtentY in FGrid1 is invalid.
Line 288: The property name _Version in FGrid1 is invalid.
Line 290: The property name Cols in FGrid1 is invalid.
Line 291: The property name BackColorFixed in FGrid1 is invalid.
Line 292: The property name ForeColorFixed in FGrid1 is invalid.
Line 293: The property name BackColorSel in FGrid1 is invalid.
Line 294: The property name BackColorBkg in FGrid1 is invalid.
Line 295: The property name BackColorUnpopulated in FGrid1 is invalid.
Line 296: The property name GridColor in FGrid1 is invalid.
Line 297: The property name GridColorFixed in FGrid1 is invalid.
Line 298: The property name FocusRect in FGrid1 is invalid.
Line 299: The property name GridLinesFixed in FGrid1 is invalid.
Line 300: The property name AllowUserResizing in FGrid1 is invalid.
Line 302: The property name FormatString in FGrid1 is invalid.
Line 303: The property name RowSizingMode in FGrid1 is invalid.
Line 321: The property name FontFixed in FGrid1 is invalid.
Line 322: The property name _NumberOfBands in FGrid1 is invalid.
Line 323: The property name _Band(0).Cols in FGrid1 is invalid.
Line 334: The property name _ExtentX in DGDate is invalid.
Line 335: The property name _ExtentY in DGDate is invalid.
Line 336: The property name _Version in DGDate is invalid.
Line 337: The property name AllowUpdate in DGDate is invalid.
Line 338: The property name AllowArrows in DGDate is invalid.
Line 343: The property name ColumnHeaders in DGDate is invalid.
Line 345: The property name HeadLines in DGDate is invalid.
Line 346: The property name RowHeight in DGDate is invalid.
Line 347: The property name WrapCellPointer in DGDate is invalid.
Line 348: The property name RowDividerStyle in DGDate is invalid.
Line 349: The property name FormatLocked in DGDate is invalid.
Line 358: The property name HeadFont in DGDate is invalid.
Line 368: The property name Caption in DGDate is invalid.
Line 369: The property name ColumnCount in DGDate is invalid.
Line 382: The property name Column00 in DGDate is invalid.
Line 383: The property name SplitCount in DGDate is invalid.
Line 393: The property name Split0 in DGDate is invalid.
