Line 78: Class MSHierarchicalFlexGridLib.MSHFlexGrid of control GridSel was not a loaded control class.
Line 330: Class MSHierarchicalFlexGridLib.MSHFlexGrid of control FGrid1 was not a loaded control class.
Line 738: Class MSFlexGridLib.MSFlexGrid of control FGrid2 was not a loaded control class.
Line 85: The property name _ExtentX in GridSel is invalid.
Line 86: The property name _ExtentY in GridSel is invalid.
Line 87: The property name _Version in GridSel is invalid.
Line 90: The property name Cols in GridSel is invalid.
Line 91: The property name FixedCols in GridSel is invalid.
Line 92: The property name BackColorFixed in GridSel is invalid.
Line 93: The property name ForeColorFixed in GridSel is invalid.
Line 94: The property name BackColorSel in GridSel is invalid.
Line 95: The property name ForeColorSel in GridSel is invalid.
Line 96: The property name BackColorBkg in GridSel is invalid.
Line 97: The property name GridColor in GridSel is invalid.
Line 98: The property name GridColorFixed in GridSel is invalid.
Line 99: The property name GridColorUnpopulated in GridSel is invalid.
Line 101: The property name RowSizingMode in GridSel is invalid.
Line 119: The property name FontFixed in GridSel is invalid.
Line 120: The property name _NumberOfBands in GridSel is invalid.
Line 121: The property name _Band(0).Cols in GridSel is invalid.
Line 336: The property name _ExtentX in FGrid1 is invalid.
Line 337: The property name _ExtentY in FGrid1 is invalid.
Line 338: The property name _Version in FGrid1 is invalid.
Line 341: The property name FixedCols in FGrid1 is invalid.
Line 342: The property name BackColorFixed in FGrid1 is invalid.
Line 343: The property name BackColorSel in FGrid1 is invalid.
Line 344: The property name BackColorBkg in FGrid1 is invalid.
Line 345: The property name GridColor in FGrid1 is invalid.
Line 346: The property name GridColorFixed in FGrid1 is invalid.
Line 347: The property name GridColorUnpopulated in FGrid1 is invalid.
Line 348: The property name AllowBigSelection in FGrid1 is invalid.
Line 349: The property name FocusRect in FGrid1 is invalid.
Line 350: The property name HighLight in FGrid1 is invalid.
Line 351: The property name GridLines in FGrid1 is invalid.
Line 352: The property name GridLinesFixed in FGrid1 is invalid.
Line 372: The property name FontFixed in FGrid1 is invalid.
Line 373: The property name _NumberOfBands in FGrid1 is invalid.
Line 374: The property name _Band(0).Cols in FGrid1 is invalid.
Line 375: The property name _Band(0).GridLinesBand in FGrid1 is invalid.
Line 376: The property name _Band(0).TextStyleBand in FGrid1 is invalid.
Line 377: The property name _Band(0).TextStyleHeader in FGrid1 is invalid.
Line 745: The property name _ExtentX in FGrid2 is invalid.
Line 746: The property name _ExtentY in FGrid2 is invalid.
Line 747: The property name _Version in FGrid2 is invalid.
Line 748: The property name FixedCols in FGrid2 is invalid.
Line 751: The property name BackColorFixed in FGrid2 is invalid.
Line 752: The property name BackColorBkg in FGrid2 is invalid.
Line 753: The property name GridColor in FGrid2 is invalid.
Line 754: The property name GridColorFixed in FGrid2 is invalid.
Line 755: The property name AllowBigSelection in FGrid2 is invalid.
Line 756: The property name FocusRect in FGrid2 is invalid.
Line 757: The property name HighLight in FGrid2 is invalid.
Line 758: The property name GridLines in FGrid2 is invalid.
Line 759: The property name GridLinesFixed in FGrid2 is invalid.
